<?xml version="1.0" encoding="UTF-8"?>
<testng-results ignored="0" total="2" passed="2" failed="0" skipped="0">
  <reporter-output>
  </reporter-output>
  <suite started-at="2022-12-28T16:44:47 IST" name="Suite" finished-at="2022-12-28T16:44:58 IST" duration-ms="11471">
    <groups>
    </groups>
    <test started-at="2022-12-28T16:44:47 IST" name="Test" finished-at="2022-12-28T16:44:58 IST" duration-ms="11471">
      <class name="testcasepkg1.TestCaseNew">
        <test-method is-config="true" signature="setUp()[pri:0, instance:testcasepkg1.TestCaseNew@77888435]" started-at="2022-12-28T16:44:47 IST" name="setUp" finished-at="2022-12-28T16:44:52 IST" duration-ms="5287" status="PASS">
          <reporter-output>
          </reporter-output>
        </test-method> <!-- setUp -->
        <test-method signature="toValidateSuccesspage()[pri:1, instance:testcasepkg1.TestCaseNew@77888435]" started-at="2022-12-28T16:44:52 IST" name="toValidateSuccesspage" finished-at="2022-12-28T16:44:54 IST" duration-ms="1956" status="PASS">
          <reporter-output>
          </reporter-output>
        </test-method> <!-- toValidateSuccesspage -->
        <test-method is-config="true" signature="tearDown()[pri:0, instance:testcasepkg1.TestCaseNew@77888435]" started-at="2022-12-28T16:44:54 IST" name="tearDown" finished-at="2022-12-28T16:44:54 IST" duration-ms="334" status="PASS">
          <reporter-output>
          </reporter-output>
        </test-method> <!-- tearDown -->
        <test-method is-config="true" signature="setUp()[pri:0, instance:testcasepkg1.TestCaseNew@77888435]" started-at="2022-12-28T16:44:54 IST" name="setUp" finished-at="2022-12-28T16:44:57 IST" duration-ms="2367" status="PASS">
          <reporter-output>
          </reporter-output>
        </test-method> <!-- setUp -->
        <test-method signature="toValidateLogout()[pri:2, instance:testcasepkg1.TestCaseNew@77888435]" started-at="2022-12-28T16:44:57 IST" name="toValidateLogout" finished-at="2022-12-28T16:44:58 IST" duration-ms="1134" status="PASS">
          <reporter-output>
          </reporter-output>
        </test-method> <!-- toValidateLogout -->
        <test-method is-config="true" signature="tearDown()[pri:0, instance:testcasepkg1.TestCaseNew@77888435]" started-at="2022-12-28T16:44:58 IST" name="tearDown" finished-at="2022-12-28T16:44:58 IST" duration-ms="295" status="PASS">
          <reporter-output>
          </reporter-output>
        </test-method> <!-- tearDown -->
      </class> <!-- testcasepkg1.TestCaseNew -->
    </test> <!-- Test -->
  </suite> <!-- Suite -->
</testng-results>
